<?xml version="1.0" encoding="UTF-8"?>
<!-- Generated by org.testng.reporters.JUnitReportReporter -->
<testsuite hostname="LAPTOP-LQUAS6KS" failures="0" tests="1" name="com.guru99bank.testCases.TC_LoginDDT_002" time="0.000" errors="0" timestamp="2022-09-14T18:07:24 IST" skipped="1">
  <testcase classname="com.guru99bank.testCases.TC_LoginDDT_002" name="loginDDT" time="0.000">
    <skipped/>
  </testcase> <!-- loginDDT -->
  <system-out/>
</testsuite> <!-- com.guru99bank.testCases.TC_LoginDDT_002 -->
