<?xml version="1.0" encoding="UTF-8"?>
<!-- Generated by org.testng.reporters.JUnitReportReporter -->
<testsuite hostname="LAPTOP-LQUAS6KS" failures="0" tests="1" name="com.guru99bank.testCases.TC_LoginTest_001" time="21.850" errors="0" timestamp="2022-09-14T20:57:59 IST" skipped="0">
  <testcase classname="com.guru99bank.testCases.TC_LoginTest_001" name="loginTest" time="21.850"/>
  <system-out/>
</testsuite> <!-- com.guru99bank.testCases.TC_LoginTest_001 -->
