<?xml version="1.0" encoding="UTF-8"?>
<!-- Generated by org.testng.reporters.JUnitReportReporter -->
<testsuite hostname="LAPTOP-LQUAS6KS" failures="0" tests="1" name="com.guru99bank.testCases.TC_AddCustomerTest_002" time="46.936" errors="0" timestamp="2022-09-15T12:39:35 IST" skipped="0">
  <testcase classname="com.guru99bank.testCases.TC_AddCustomerTest_002" name="addNewCustomer" time="46.936"/>
  <system-out/>
</testsuite> <!-- com.guru99bank.testCases.TC_AddCustomerTest_002 -->
